0 verbose cli /usr/bin/node /usr/bin/npm
1 info using npm@10.9.1
2 info using node@v22.23.0
3 silly config load:file:/usr/lib/node_modules/npm/npmrc
4 silly config load:file:/public/.npmrc
5 silly config load:file:/etc/npmrc
6 verbose title npm install typescript-language-server typescript
7 verbose argv "install" "--global" "typescript-language-server" "typescript"
8 verbose logfile logs-max:10 dir:/public/.npm/_logs/2026-07-23T12_23_36_396Z-
9 verbose logfile /public/.npm/_logs/2026-07-23T12_23_36_396Z-debug-0.log
10 silly packumentCache heap:2197815296 maxSize:549453824 maxEntrySize:274726912
11 silly logfile done cleaning log files
12 silly idealTree buildDeps
13 silly fetch manifest typescript-language-server@*
14 silly packumentCache full:https://registry.npmjs.org/typescript-language-server cache-miss
15 http fetch GET 200 https://registry.npmjs.org/typescript-language-server 472ms (cache miss)
16 silly packumentCache full:https://registry.npmjs.org/typescript-language-server set size:undefined disposed:false
17 silly fetch manifest typescript@*
18 silly packumentCache full:https://registry.npmjs.org/typescript cache-miss
19 http fetch GET 200 https://registry.npmjs.org/typescript 188ms (cache revalidated)
20 silly packumentCache full:https://registry.npmjs.org/typescript set size:15468070 disposed:false
21 silly placeDep ROOT typescript@7.0.2 OK for:  want: *
22 silly placeDep ROOT typescript-language-server@5.3.0 OK for:  want: *
23 silly fetch manifest @typescript/typescript-aix-ppc64@7.0.2
24 silly packumentCache full:https://registry.npmjs.org/@typescript%2ftypescript-aix-ppc64 cache-miss
25 silly fetch manifest @typescript/typescript-linux-arm@7.0.2
26 silly packumentCache full:https://registry.npmjs.org/@typescript%2ftypescript-linux-arm cache-miss
27 silly fetch manifest @typescript/typescript-linux-x64@7.0.2
28 silly packumentCache full:https://registry.npmjs.org/@typescript%2ftypescript-linux-x64 cache-miss
29 silly fetch manifest @typescript/typescript-sunos-x64@7.0.2
30 silly packumentCache full:https://registry.npmjs.org/@typescript%2ftypescript-sunos-x64 cache-miss
31 silly fetch manifest @typescript/typescript-win32-x64@7.0.2
32 silly packumentCache full:https://registry.npmjs.org/@typescript%2ftypescript-win32-x64 cache-miss
33 silly fetch manifest @typescript/typescript-darwin-x64@7.0.2
34 silly packumentCache full:https://registry.npmjs.org/@typescript%2ftypescript-darwin-x64 cache-miss
35 http fetch GET 200 https://registry.npmjs.org/@typescript%2ftypescript-aix-ppc64 113ms (cache miss)
36 silly packumentCache full:https://registry.npmjs.org/@typescript%2ftypescript-aix-ppc64 set size:undefined disposed:false
37 silly fetch manifest @typescript/typescript-netbsd-x64@7.0.2
38 silly packumentCache full:https://registry.npmjs.org/@typescript%2ftypescript-netbsd-x64 cache-miss
39 http fetch GET 200 https://registry.npmjs.org/@typescript%2ftypescript-netbsd-x64 104ms (cache miss)
40 silly packumentCache full:https://registry.npmjs.org/@typescript%2ftypescript-netbsd-x64 set size:undefined disposed:false
41 silly fetch manifest @typescript/typescript-freebsd-x64@7.0.2
42 silly packumentCache full:https://registry.npmjs.org/@typescript%2ftypescript-freebsd-x64 cache-miss
43 http fetch GET 200 https://registry.npmjs.org/@typescript%2ftypescript-linux-arm 270ms (cache miss)
44 silly packumentCache full:https://registry.npmjs.org/@typescript%2ftypescript-linux-arm set size:undefined disposed:false
45 silly fetch manifest @typescript/typescript-linux-arm64@7.0.2
46 silly packumentCache full:https://registry.npmjs.org/@typescript%2ftypescript-linux-arm64 cache-miss
47 http fetch GET 200 https://registry.npmjs.org/@typescript%2ftypescript-linux-x64 277ms (cache miss)
48 silly packumentCache full:https://registry.npmjs.org/@typescript%2ftypescript-linux-x64 set size:undefined disposed:false
49 silly fetch manifest @typescript/typescript-linux-ppc64@7.0.2
50 silly packumentCache full:https://registry.npmjs.org/@typescript%2ftypescript-linux-ppc64 cache-miss
51 http fetch GET 200 https://registry.npmjs.org/@typescript%2ftypescript-win32-x64 279ms (cache miss)
52 silly packumentCache full:https://registry.npmjs.org/@typescript%2ftypescript-win32-x64 set size:undefined disposed:false
53 silly fetch manifest @typescript/typescript-linux-s390x@7.0.2
54 silly packumentCache full:https://registry.npmjs.org/@typescript%2ftypescript-linux-s390x cache-miss
55 http fetch GET 200 https://registry.npmjs.org/@typescript%2ftypescript-sunos-x64 284ms (cache miss)
56 silly packumentCache full:https://registry.npmjs.org/@typescript%2ftypescript-sunos-x64 set size:undefined disposed:false
57 silly fetch manifest @typescript/typescript-openbsd-x64@7.0.2
58 silly packumentCache full:https://registry.npmjs.org/@typescript%2ftypescript-openbsd-x64 cache-miss
59 http fetch GET 200 https://registry.npmjs.org/@typescript%2ftypescript-darwin-x64 293ms (cache miss)
60 silly packumentCache full:https://registry.npmjs.org/@typescript%2ftypescript-darwin-x64 set size:undefined disposed:false
61 silly fetch manifest @typescript/typescript-win32-arm64@7.0.2
62 silly packumentCache full:https://registry.npmjs.org/@typescript%2ftypescript-win32-arm64 cache-miss
63 http fetch GET 200 https://registry.npmjs.org/@typescript%2ftypescript-freebsd-x64 111ms (cache miss)
64 silly packumentCache full:https://registry.npmjs.org/@typescript%2ftypescript-freebsd-x64 set size:undefined disposed:false
65 silly fetch manifest @typescript/typescript-darwin-arm64@7.0.2
66 silly packumentCache full:https://registry.npmjs.org/@typescript%2ftypescript-darwin-arm64 cache-miss
67 http fetch GET 200 https://registry.npmjs.org/@typescript%2ftypescript-linux-arm64 92ms (cache miss)
68 silly packumentCache full:https://registry.npmjs.org/@typescript%2ftypescript-linux-arm64 set size:undefined disposed:false
69 silly fetch manifest @typescript/typescript-netbsd-arm64@7.0.2
70 silly packumentCache full:https://registry.npmjs.org/@typescript%2ftypescript-netbsd-arm64 cache-miss
71 http fetch GET 200 https://registry.npmjs.org/@typescript%2ftypescript-linux-ppc64 88ms (cache miss)
72 silly packumentCache full:https://registry.npmjs.org/@typescript%2ftypescript-linux-ppc64 set size:undefined disposed:false
73 silly fetch manifest @typescript/typescript-freebsd-arm64@7.0.2
74 silly packumentCache full:https://registry.npmjs.org/@typescript%2ftypescript-freebsd-arm64 cache-miss
75 http fetch GET 200 https://registry.npmjs.org/@typescript%2ftypescript-linux-s390x 91ms (cache miss)
76 silly packumentCache full:https://registry.npmjs.org/@typescript%2ftypescript-linux-s390x set size:undefined disposed:false
77 silly fetch manifest @typescript/typescript-linux-loong64@7.0.2
78 silly packumentCache full:https://registry.npmjs.org/@typescript%2ftypescript-linux-loong64 cache-miss
79 http fetch GET 200 https://registry.npmjs.org/@typescript%2ftypescript-openbsd-x64 92ms (cache miss)
80 silly packumentCache full:https://registry.npmjs.org/@typescript%2ftypescript-openbsd-x64 set size:undefined disposed:false
81 silly fetch manifest @typescript/typescript-linux-riscv64@7.0.2
82 silly packumentCache full:https://registry.npmjs.org/@typescript%2ftypescript-linux-riscv64 cache-miss
83 http fetch GET 200 https://registry.npmjs.org/@typescript%2ftypescript-win32-arm64 100ms (cache miss)
84 silly packumentCache full:https://registry.npmjs.org/@typescript%2ftypescript-win32-arm64 set size:undefined disposed:false
85 silly fetch manifest @typescript/typescript-openbsd-arm64@7.0.2
86 silly packumentCache full:https://registry.npmjs.org/@typescript%2ftypescript-openbsd-arm64 cache-miss
87 http fetch GET 200 https://registry.npmjs.org/@typescript%2ftypescript-darwin-arm64 110ms (cache miss)
88 silly packumentCache full:https://registry.npmjs.org/@typescript%2ftypescript-darwin-arm64 set size:undefined disposed:false
89 silly fetch manifest @typescript/typescript-linux-mips64el@7.0.2
90 silly packumentCache full:https://registry.npmjs.org/@typescript%2ftypescript-linux-mips64el cache-miss
91 http fetch GET 200 https://registry.npmjs.org/@typescript%2ftypescript-netbsd-arm64 87ms (cache miss)
92 silly packumentCache full:https://registry.npmjs.org/@typescript%2ftypescript-netbsd-arm64 set size:undefined disposed:false
93 http fetch GET 200 https://registry.npmjs.org/@typescript%2ftypescript-freebsd-arm64 83ms (cache miss)
94 silly packumentCache full:https://registry.npmjs.org/@typescript%2ftypescript-freebsd-arm64 set size:undefined disposed:false
95 http fetch GET 200 https://registry.npmjs.org/@typescript%2ftypescript-linux-loong64 83ms (cache miss)
96 silly packumentCache full:https://registry.npmjs.org/@typescript%2ftypescript-linux-loong64 set size:undefined disposed:false
97 http fetch GET 200 https://registry.npmjs.org/@typescript%2ftypescript-linux-riscv64 78ms (cache miss)
98 silly packumentCache full:https://registry.npmjs.org/@typescript%2ftypescript-linux-riscv64 set size:undefined disposed:false
99 http fetch GET 200 https://registry.npmjs.org/@typescript%2ftypescript-openbsd-arm64 100ms (cache miss)
100 silly packumentCache full:https://registry.npmjs.org/@typescript%2ftypescript-openbsd-arm64 set size:undefined disposed:false
101 http fetch GET 200 https://registry.npmjs.org/@typescript%2ftypescript-linux-mips64el 109ms (cache miss)
102 silly packumentCache full:https://registry.npmjs.org/@typescript%2ftypescript-linux-mips64el set size:undefined disposed:false
103 silly placeDep node_modules/typescript @typescript/typescript-aix-ppc64@7.0.2 OK for: typescript@7.0.2 want: 7.0.2
104 silly placeDep node_modules/typescript @typescript/typescript-darwin-arm64@7.0.2 OK for: typescript@7.0.2 want: 7.0.2
105 silly placeDep node_modules/typescript @typescript/typescript-darwin-x64@7.0.2 OK for: typescript@7.0.2 want: 7.0.2
106 silly placeDep node_modules/typescript @typescript/typescript-freebsd-arm64@7.0.2 OK for: typescript@7.0.2 want: 7.0.2
107 silly placeDep node_modules/typescript @typescript/typescript-freebsd-x64@7.0.2 OK for: typescript@7.0.2 want: 7.0.2
108 silly placeDep node_modules/typescript @typescript/typescript-linux-arm@7.0.2 OK for: typescript@7.0.2 want: 7.0.2
109 silly placeDep node_modules/typescript @typescript/typescript-linux-arm64@7.0.2 OK for: typescript@7.0.2 want: 7.0.2
110 silly placeDep node_modules/typescript @typescript/typescript-linux-loong64@7.0.2 OK for: typescript@7.0.2 want: 7.0.2
111 silly placeDep node_modules/typescript @typescript/typescript-linux-mips64el@7.0.2 OK for: typescript@7.0.2 want: 7.0.2
112 silly placeDep node_modules/typescript @typescript/typescript-linux-ppc64@7.0.2 OK for: typescript@7.0.2 want: 7.0.2
113 silly placeDep node_modules/typescript @typescript/typescript-linux-riscv64@7.0.2 OK for: typescript@7.0.2 want: 7.0.2
114 silly placeDep node_modules/typescript @typescript/typescript-linux-s390x@7.0.2 OK for: typescript@7.0.2 want: 7.0.2
115 silly placeDep node_modules/typescript @typescript/typescript-linux-x64@7.0.2 OK for: typescript@7.0.2 want: 7.0.2
116 silly placeDep node_modules/typescript @typescript/typescript-netbsd-arm64@7.0.2 OK for: typescript@7.0.2 want: 7.0.2
117 silly placeDep node_modules/typescript @typescript/typescript-netbsd-x64@7.0.2 OK for: typescript@7.0.2 want: 7.0.2
118 silly placeDep node_modules/typescript @typescript/typescript-openbsd-arm64@7.0.2 OK for: typescript@7.0.2 want: 7.0.2
119 silly placeDep node_modules/typescript @typescript/typescript-openbsd-x64@7.0.2 OK for: typescript@7.0.2 want: 7.0.2
120 silly placeDep node_modules/typescript @typescript/typescript-sunos-x64@7.0.2 OK for: typescript@7.0.2 want: 7.0.2
121 silly placeDep node_modules/typescript @typescript/typescript-win32-arm64@7.0.2 OK for: typescript@7.0.2 want: 7.0.2
122 silly placeDep node_modules/typescript @typescript/typescript-win32-x64@7.0.2 OK for: typescript@7.0.2 want: 7.0.2
123 silly reify moves {}
124 verbose reify failed optional dependency /usr/local/lib/node_modules/typescript/node_modules/@typescript/typescript-win32-x64
125 silly reify mark deleted [
125 silly reify   '/usr/local/lib/node_modules/typescript/node_modules/@typescript/typescript-win32-x64'
125 silly reify ]
126 verbose reify failed optional dependency /usr/local/lib/node_modules/typescript/node_modules/@typescript/typescript-win32-arm64
127 silly reify mark deleted [
127 silly reify   '/usr/local/lib/node_modules/typescript/node_modules/@typescript/typescript-win32-arm64'
127 silly reify ]
128 verbose reify failed optional dependency /usr/local/lib/node_modules/typescript/node_modules/@typescript/typescript-sunos-x64
129 silly reify mark deleted [
129 silly reify   '/usr/local/lib/node_modules/typescript/node_modules/@typescript/typescript-sunos-x64'
129 silly reify ]
130 verbose reify failed optional dependency /usr/local/lib/node_modules/typescript/node_modules/@typescript/typescript-openbsd-x64
131 silly reify mark deleted [
131 silly reify   '/usr/local/lib/node_modules/typescript/node_modules/@typescript/typescript-openbsd-x64'
131 silly reify ]
132 verbose reify failed optional dependency /usr/local/lib/node_modules/typescript/node_modules/@typescript/typescript-openbsd-arm64
133 silly reify mark deleted [
133 silly reify   '/usr/local/lib/node_modules/typescript/node_modules/@typescript/typescript-openbsd-arm64'
133 silly reify ]
134 verbose reify failed optional dependency /usr/local/lib/node_modules/typescript/node_modules/@typescript/typescript-netbsd-x64
135 silly reify mark deleted [
135 silly reify   '/usr/local/lib/node_modules/typescript/node_modules/@typescript/typescript-netbsd-x64'
135 silly reify ]
136 verbose reify failed optional dependency /usr/local/lib/node_modules/typescript/node_modules/@typescript/typescript-netbsd-arm64
137 silly reify mark deleted [
137 silly reify   '/usr/local/lib/node_modules/typescript/node_modules/@typescript/typescript-netbsd-arm64'
137 silly reify ]
138 verbose reify failed optional dependency /usr/local/lib/node_modules/typescript/node_modules/@typescript/typescript-linux-x64
139 silly reify mark deleted [
139 silly reify   '/usr/local/lib/node_modules/typescript/node_modules/@typescript/typescript-linux-x64'
139 silly reify ]
140 verbose reify failed optional dependency /usr/local/lib/node_modules/typescript/node_modules/@typescript/typescript-linux-s390x
141 silly reify mark deleted [
141 silly reify   '/usr/local/lib/node_modules/typescript/node_modules/@typescript/typescript-linux-s390x'
141 silly reify ]
142 verbose reify failed optional dependency /usr/local/lib/node_modules/typescript/node_modules/@typescript/typescript-linux-riscv64
143 silly reify mark deleted [
143 silly reify   '/usr/local/lib/node_modules/typescript/node_modules/@typescript/typescript-linux-riscv64'
143 silly reify ]
144 verbose reify failed optional dependency /usr/local/lib/node_modules/typescript/node_modules/@typescript/typescript-linux-ppc64
145 silly reify mark deleted [
145 silly reify   '/usr/local/lib/node_modules/typescript/node_modules/@typescript/typescript-linux-ppc64'
145 silly reify ]
146 verbose reify failed optional dependency /usr/local/lib/node_modules/typescript/node_modules/@typescript/typescript-linux-mips64el
147 silly reify mark deleted [
147 silly reify   '/usr/local/lib/node_modules/typescript/node_modules/@typescript/typescript-linux-mips64el'
147 silly reify ]
148 verbose reify failed optional dependency /usr/local/lib/node_modules/typescript/node_modules/@typescript/typescript-linux-loong64
149 silly reify mark deleted [
149 silly reify   '/usr/local/lib/node_modules/typescript/node_modules/@typescript/typescript-linux-loong64'
149 silly reify ]
150 verbose reify failed optional dependency /usr/local/lib/node_modules/typescript/node_modules/@typescript/typescript-linux-arm
151 silly reify mark deleted [
151 silly reify   '/usr/local/lib/node_modules/typescript/node_modules/@typescript/typescript-linux-arm'
151 silly reify ]
152 verbose reify failed optional dependency /usr/local/lib/node_modules/typescript/node_modules/@typescript/typescript-freebsd-x64
153 silly reify mark deleted [
153 silly reify   '/usr/local/lib/node_modules/typescript/node_modules/@typescript/typescript-freebsd-x64'
153 silly reify ]
154 verbose reify failed optional dependency /usr/local/lib/node_modules/typescript/node_modules/@typescript/typescript-freebsd-arm64
155 silly reify mark deleted [
155 silly reify   '/usr/local/lib/node_modules/typescript/node_modules/@typescript/typescript-freebsd-arm64'
155 silly reify ]
156 verbose reify failed optional dependency /usr/local/lib/node_modules/typescript/node_modules/@typescript/typescript-darwin-x64
157 silly reify mark deleted [
157 silly reify   '/usr/local/lib/node_modules/typescript/node_modules/@typescript/typescript-darwin-x64'
157 silly reify ]
158 verbose reify failed optional dependency /usr/local/lib/node_modules/typescript/node_modules/@typescript/typescript-darwin-arm64
159 silly reify mark deleted [
159 silly reify   '/usr/local/lib/node_modules/typescript/node_modules/@typescript/typescript-darwin-arm64'
159 silly reify ]
160 verbose reify failed optional dependency /usr/local/lib/node_modules/typescript/node_modules/@typescript/typescript-aix-ppc64
161 silly reify mark deleted [
161 silly reify   '/usr/local/lib/node_modules/typescript/node_modules/@typescript/typescript-aix-ppc64'
161 silly reify ]
162 http cache typescript-language-server@https://registry.npmjs.org/typescript-language-server/-/typescript-language-server-5.3.0.tgz 0ms (cache hit)
163 http cache @typescript/typescript-linux-arm64@https://registry.npmjs.org/@typescript/typescript-linux-arm64/-/typescript-linux-arm64-7.0.2.tgz 0ms (cache hit)
164 http cache typescript@https://registry.npmjs.org/typescript/-/typescript-7.0.2.tgz 0ms (cache hit)
165 silly tarball no local data for typescript-language-server@https://registry.npmjs.org/typescript-language-server/-/typescript-language-server-5.3.0.tgz. Extracting by manifest.
166 silly tarball no local data for @typescript/typescript-linux-arm64@https://registry.npmjs.org/@typescript/typescript-linux-arm64/-/typescript-linux-arm64-7.0.2.tgz. Extracting by manifest.
167 silly tarball no local data for typescript@https://registry.npmjs.org/typescript/-/typescript-7.0.2.tgz. Extracting by manifest.
168 http fetch GET 200 https://registry.npmjs.org/typescript-language-server/-/typescript-language-server-5.3.0.tgz 214ms (cache miss)
169 http fetch GET 200 https://registry.npmjs.org/typescript/-/typescript-7.0.2.tgz 726ms (cache miss)
170 http fetch GET 200 https://registry.npmjs.org/@typescript/typescript-linux-arm64/-/typescript-linux-arm64-7.0.2.tgz 1096ms (cache miss)
171 silly ADD node_modules/typescript-language-server
172 silly ADD node_modules/typescript
173 silly ADD
174 silly ADD
175 silly ADD
176 silly ADD
177 silly ADD
178 silly ADD
179 silly ADD
180 silly ADD
181 silly ADD
182 silly ADD
183 silly ADD
184 silly ADD
185 silly ADD
186 silly ADD node_modules/typescript/node_modules/@typescript/typescript-linux-arm64
187 silly ADD
188 silly ADD
189 silly ADD
190 silly ADD
191 silly ADD
192 silly ADD
193 verbose cwd /
194 verbose os Linux 4.19.157-perf+
195 verbose node v22.23.0
196 verbose npm  v10.9.1
197 verbose exit 0
198 info ok
